<?xml version="1.0" encoding="UTF-8"?>
<!-- Generated by org.testng.reporters.JUnitReportReporter -->
<testsuite hostname="Blandeena" failures="0" tests="3" name="testCases.TC_AccountRegistrationTest" time="18.616" errors="0" timestamp="2025-05-30T00:49:51 IST" skipped="0">
  <testcase classname="testCases.TC_AccountRegistrationTest" name="accountRegister" time="5.739"/>
  <testcase classname="testCases.TC_AccountRegistrationTest" name="accountRegister" time="8.382"/>
  <testcase classname="testCases.TC_AccountRegistrationTest" name="accountRegister" time="4.495"/>
</testsuite> <!-- testCases.TC_AccountRegistrationTest -->
