<?xml version="1.0" encoding="UTF-8"?>
<!-- Generated by org.testng.reporters.JUnitReportReporter -->
<testsuite hostname="Blandeena" failures="0" tests="3" name="testCases.TC_AccountRegistrationTest" time="21.682" errors="0" timestamp="2025-05-30T01:40:59 IST" skipped="0">
  <testcase classname="testCases.TC_AccountRegistrationTest" name="accountRegister" time="6.575"/>
  <testcase classname="testCases.TC_AccountRegistrationTest" name="accountRegister" time="10.170"/>
  <testcase classname="testCases.TC_AccountRegistrationTest" name="accountRegister" time="4.937"/>
</testsuite> <!-- testCases.TC_AccountRegistrationTest -->
